c:\users\ahmed\desktop\startphase2\startphase2\programmingproject\x64\debug\vc143.pdb
c:\users\ahmed\desktop\startphase2\startphase2\programmingproject\x64\debug\vc143.idb
c:\users\ahmed\desktop\startphase2\startphase2\programmingproject\x64\debug\uiclass.obj
c:\users\ahmed\desktop\startphase2\startphase2\programmingproject\x64\debug\source.obj
c:\users\ahmed\desktop\startphase2\startphase2\programmingproject\x64\debug\scheduler.obj
c:\users\ahmed\desktop\startphase2\startphase2\programmingproject\x64\debug\process.obj
c:\users\ahmed\desktop\startphase2-mybranch\startphase2-mybranch\programmingproject\x64\debug\vc143.pdb
c:\users\ahmed\desktop\startphase2-mybranch\startphase2-mybranch\programmingproject\x64\debug\vc143.idb
c:\users\ahmed\desktop\startphase2-mybranch\startphase2-mybranch\programmingproject\x64\debug\scheduler.obj
c:\users\ahmed\desktop\startphase2-mybranch\startphase2-mybranch\programmingproject\x64\debug\uiclass.obj
c:\users\ahmed\desktop\startphase2-mybranch\startphase2-mybranch\programmingproject\x64\debug\source.obj
c:\users\ahmed\desktop\startphase2-mybranch\startphase2-mybranch\programmingproject\x64\debug\process.obj
c:\users\ahmed\desktop\startphase2\startphase2\x64\debug\programmingproject.exe
c:\users\ahmed\desktop\startphase2\startphase2\programmingproject\x64\debug\programmingproject.ilk
c:\users\ahmed\desktop\startphase2\startphase2\x64\debug\programmingproject.pdb
c:\users\ahmed\desktop\startphase2-mybranch\startphase2-mybranch\x64\debug\programmingproject.exe
c:\users\ahmed\desktop\startphase2-mybranch\startphase2-mybranch\programmingproject\x64\debug\programmingproject.ilk
c:\users\ahmed\desktop\startphase2-mybranch\startphase2-mybranch\x64\debug\programmingproject.pdb
c:\users\ahmed\desktop\startphase2-mybranch\startphase2-mybranch\programmingproject\x64\debug\programm.bb131d1c.tlog\cl.command.1.tlog
c:\users\ahmed\desktop\startphase2-mybranch\startphase2-mybranch\programmingproject\x64\debug\programm.bb131d1c.tlog\cl.read.1.tlog
c:\users\ahmed\desktop\startphase2-mybranch\startphase2-mybranch\programmingproject\x64\debug\programm.bb131d1c.tlog\cl.write.1.tlog
c:\users\ahmed\desktop\startphase2-mybranch\startphase2-mybranch\programmingproject\x64\debug\programm.bb131d1c.tlog\link.command.1.tlog
c:\users\ahmed\desktop\startphase2-mybranch\startphase2-mybranch\programmingproject\x64\debug\programm.bb131d1c.tlog\link.read.1.tlog
c:\users\ahmed\desktop\startphase2-mybranch\startphase2-mybranch\programmingproject\x64\debug\programm.bb131d1c.tlog\link.write.1.tlog
